# Logfile created on 2014-02-02 18:59:54 -0500 by logger.rb/41954
I, [2014-02-02T18:59:54.138031 #29339]  INFO -- : 0:  addressable (2.3.5) from /Users/steve/.rvm/rubies/ruby-2.0.0-p353/lib/ruby/gems/2.0.0/specifications/addressable-2.3.5.gemspec
I, [2014-02-02T18:59:56.465396 #29339]  INFO -- : 0:  chunky_png (1.2.9) from /Users/steve/.rvm/rubies/ruby-2.0.0-p353/lib/ruby/gems/2.0.0/specifications/chunky_png-1.2.9.gemspec
I, [2014-02-02T18:59:57.256046 #29339]  INFO -- : 0:  fssm (0.2.10) from /Users/steve/.rvm/rubies/ruby-2.0.0-p353/lib/ruby/gems/2.0.0/specifications/fssm-0.2.10.gemspec
I, [2014-02-02T18:59:59.043970 #29339]  INFO -- : 0:  sass (3.2.14) from /Users/steve/.rvm/rubies/ruby-2.0.0-p353/lib/ruby/gems/2.0.0/specifications/sass-3.2.14.gemspec
I, [2014-02-02T19:00:01.074502 #29339]  INFO -- : 0:  compass (0.12.2) from /Users/steve/.rvm/rubies/ruby-2.0.0-p353/lib/ruby/gems/2.0.0/specifications/compass-0.12.2.gemspec
I, [2014-02-02T19:00:02.285274 #29339]  INFO -- : 0:  breakpoint (2.0.7) from /Users/steve/.rvm/rubies/ruby-2.0.0-p353/lib/ruby/gems/2.0.0/specifications/breakpoint-2.0.7.gemspec
I, [2014-02-02T19:00:03.067062 #29339]  INFO -- : 0:  timers (1.1.0) from /Users/steve/.rvm/rubies/ruby-2.0.0-p353/lib/ruby/gems/2.0.0/specifications/timers-1.1.0.gemspec
I, [2014-02-02T19:00:04.369103 #29339]  INFO -- : 0:  celluloid (0.15.2) from /Users/steve/.rvm/rubies/ruby-2.0.0-p353/lib/ruby/gems/2.0.0/specifications/celluloid-0.15.2.gemspec
I, [2014-02-02T19:00:05.396705 #29339]  INFO -- : 0:  coderay (1.1.0) from /Users/steve/.rvm/rubies/ruby-2.0.0-p353/lib/ruby/gems/2.0.0/specifications/coderay-1.1.0.gemspec
I, [2014-02-02T19:00:06.099311 #29339]  INFO -- : 0:  compass-blend-modes (0.0.2) from /Users/steve/.rvm/rubies/ruby-2.0.0-p353/lib/ruby/gems/2.0.0/specifications/compass-blend-modes-0.0.2.gemspec
I, [2014-02-02T19:00:07.289850 #29339]  INFO -- : 0:  color-schemer (0.2.8) from /Users/steve/.rvm/rubies/ruby-2.0.0-p353/lib/ruby/gems/2.0.0/specifications/color-schemer-0.2.8.gemspec
I, [2014-02-02T19:00:07.968415 #29339]  INFO -- : 0:  compass-normalize (1.4.3) from /Users/steve/.rvm/rubies/ruby-2.0.0-p353/lib/ruby/gems/2.0.0/specifications/compass-normalize-1.4.3.gemspec
I, [2014-02-02T19:00:09.003256 #29339]  INFO -- : 0:  compass-rgbapng (0.2.1) from /Users/steve/.rvm/rubies/ruby-2.0.0-p353/lib/ruby/gems/2.0.0/specifications/compass-rgbapng-0.2.1.gemspec
I, [2014-02-02T19:00:12.501620 #29339]  INFO -- : 0:  compass-validator (3.0.1) from /Users/steve/.rvm/rubies/ruby-2.0.0-p353/lib/ruby/gems/2.0.0/specifications/compass-validator-3.0.1.gemspec
I, [2014-02-02T19:00:13.201218 #29339]  INFO -- : 0:  css_parser (1.3.5) from /Users/steve/.rvm/rubies/ruby-2.0.0-p353/lib/ruby/gems/2.0.0/specifications/css_parser-1.3.5.gemspec
I, [2014-02-02T19:00:26.039458 #29339]  INFO -- : 0:  eventmachine (1.0.3) from /Users/steve/.rvm/rubies/ruby-2.0.0-p353/lib/ruby/gems/2.0.0/specifications/eventmachine-1.0.3.gemspec
I, [2014-02-02T19:00:27.725292 #29339]  INFO -- : 0:  http_parser.rb (0.5.3) from /Users/steve/.rvm/rubies/ruby-2.0.0-p353/lib/ruby/gems/2.0.0/specifications/http_parser.rb-0.5.3.gemspec
I, [2014-02-02T19:00:28.951382 #29339]  INFO -- : 0:  em-websocket (0.5.0) from /Users/steve/.rvm/rubies/ruby-2.0.0-p353/lib/ruby/gems/2.0.0/specifications/em-websocket-0.5.0.gemspec
I, [2014-02-02T19:00:35.068091 #29339]  INFO -- : 0:  ffi (1.9.3) from /Users/steve/.rvm/rubies/ruby-2.0.0-p353/lib/ruby/gems/2.0.0/specifications/ffi-1.9.3.gemspec
I, [2014-02-02T19:00:35.894761 #29339]  INFO -- : 0:  formatador (0.2.4) from /Users/steve/.rvm/rubies/ruby-2.0.0-p353/lib/ruby/gems/2.0.0/specifications/formatador-0.2.4.gemspec
I, [2014-02-02T19:00:37.411037 #29339]  INFO -- : 0:  rb-fsevent (0.9.4) from /Users/steve/.rvm/rubies/ruby-2.0.0-p353/lib/ruby/gems/2.0.0/specifications/rb-fsevent-0.9.4.gemspec
I, [2014-02-02T19:00:38.138314 #29339]  INFO -- : 0:  rb-inotify (0.9.3) from /Users/steve/.rvm/rubies/ruby-2.0.0-p353/lib/ruby/gems/2.0.0/specifications/rb-inotify-0.9.3.gemspec
I, [2014-02-02T19:00:39.441321 #29339]  INFO -- : 0:  listen (2.4.0) from /Users/steve/.rvm/rubies/ruby-2.0.0-p353/lib/ruby/gems/2.0.0/specifications/listen-2.4.0.gemspec
I, [2014-02-02T19:00:40.678455 #29339]  INFO -- : 0:  lumberjack (1.0.4) from /Users/steve/.rvm/rubies/ruby-2.0.0-p353/lib/ruby/gems/2.0.0/specifications/lumberjack-1.0.4.gemspec
I, [2014-02-02T19:00:41.727369 #29339]  INFO -- : 0:  method_source (0.8.2) from /Users/steve/.rvm/rubies/ruby-2.0.0-p353/lib/ruby/gems/2.0.0/specifications/method_source-0.8.2.gemspec
I, [2014-02-02T19:00:43.005103 #29339]  INFO -- : 0:  slop (3.4.7) from /Users/steve/.rvm/rubies/ruby-2.0.0-p353/lib/ruby/gems/2.0.0/specifications/slop-3.4.7.gemspec
I, [2014-02-02T19:00:44.785030 #29339]  INFO -- : 0:  pry (0.9.12.6) from /Users/steve/.rvm/rubies/ruby-2.0.0-p353/lib/ruby/gems/2.0.0/specifications/pry-0.9.12.6.gemspec
I, [2014-02-02T19:00:46.126730 #29339]  INFO -- : 0:  thor (0.18.1) from /Users/steve/.rvm/rubies/ruby-2.0.0-p353/lib/ruby/gems/2.0.0/specifications/thor-0.18.1.gemspec
I, [2014-02-02T19:00:48.315603 #29339]  INFO -- : 0:  guard (2.3.0) from /Users/steve/.rvm/rubies/ruby-2.0.0-p353/lib/ruby/gems/2.0.0/specifications/guard-2.3.0.gemspec
I, [2014-02-02T19:00:49.302740 #29339]  INFO -- : 0:  guard-compass (1.0.0) from /Users/steve/.rvm/rubies/ruby-2.0.0-p353/lib/ruby/gems/2.0.0/specifications/guard-compass-1.0.0.gemspec
I, [2014-02-02T19:00:50.531389 #29339]  INFO -- : 0:  multi_json (1.8.4) from /Users/steve/.rvm/rubies/ruby-2.0.0-p353/lib/ruby/gems/2.0.0/specifications/multi_json-1.8.4.gemspec
I, [2014-02-02T19:00:51.769420 #29339]  INFO -- : 0:  guard-livereload (2.1.1) from /Users/steve/.rvm/rubies/ruby-2.0.0-p353/lib/ruby/gems/2.0.0/specifications/guard-livereload-2.1.1.gemspec
I, [2014-02-02T19:00:52.855464 #29339]  INFO -- : 0:  guard-shell (0.6.1) from /Users/steve/.rvm/rubies/ruby-2.0.0-p353/lib/ruby/gems/2.0.0/specifications/guard-shell-0.6.1.gemspec
I, [2014-02-02T19:00:55.079397 #29339]  INFO -- : 0:  oily_png (1.1.0) from /Users/steve/.rvm/rubies/ruby-2.0.0-p353/lib/ruby/gems/2.0.0/specifications/oily_png-1.1.0.gemspec
I, [2014-02-02T19:00:55.934574 #29339]  INFO -- : 0:  rb-fchange (0.0.6) from /Users/steve/.rvm/rubies/ruby-2.0.0-p353/lib/ruby/gems/2.0.0/specifications/rb-fchange-0.0.6.gemspec
I, [2014-02-02T19:00:57.069085 #29339]  INFO -- : 0:  sass-globbing (1.1.0) from /Users/steve/.rvm/rubies/ruby-2.0.0-p353/lib/ruby/gems/2.0.0/specifications/sass-globbing-1.1.0.gemspec
I, [2014-02-02T19:00:58.160119 #29339]  INFO -- : 0:  sassy-strings (1.0.0) from /Users/steve/.rvm/rubies/ruby-2.0.0-p353/lib/ruby/gems/2.0.0/specifications/sassy-strings-1.0.0.gemspec
I, [2014-02-02T19:00:59.427390 #29339]  INFO -- : 0:  singularitygs (1.1.2) from /Users/steve/.rvm/rubies/ruby-2.0.0-p353/lib/ruby/gems/2.0.0/specifications/singularitygs-1.1.2.gemspec
I, [2014-02-02T19:01:00.670420 #29339]  INFO -- : 0:  susy (1.0.9) from /Users/steve/.rvm/rubies/ruby-2.0.0-p353/lib/ruby/gems/2.0.0/specifications/susy-1.0.9.gemspec
I, [2014-02-02T19:01:01.870865 #29339]  INFO -- : 0:  toolkit (1.3.8) from /Users/steve/.rvm/rubies/ruby-2.0.0-p353/lib/ruby/gems/2.0.0/specifications/toolkit-1.3.8.gemspec
I, [2014-02-02T19:01:05.041317 #29339]  INFO -- : 0:  yajl-ruby (1.2.0) from /Users/steve/.rvm/rubies/ruby-2.0.0-p353/lib/ruby/gems/2.0.0/specifications/yajl-ruby-1.2.0.gemspec
I, [2014-02-02T19:01:05.041877 #29339]  INFO -- : 0:  bundler (1.5.1) from /Users/steve/.rvm/rubies/ruby-2.0.0-p353/lib/ruby/gems/2.0.0/specifications/bundler-1.5.1.gemspec
I, [2014-02-04T15:13:33.802575 #13049]  INFO -- : 0:  addressable (2.3.5) from /Users/steve/.rvm/rubies/ruby-2.0.0-p353/lib/ruby/gems/2.0.0/specifications/addressable-2.3.5.gemspec
I, [2014-02-04T15:13:33.822605 #13049]  INFO -- : 0:  chunky_png (1.2.9) from /Users/steve/.rvm/rubies/ruby-2.0.0-p353/lib/ruby/gems/2.0.0/specifications/chunky_png-1.2.9.gemspec
I, [2014-02-04T15:13:33.822882 #13049]  INFO -- : 0:  fssm (0.2.10) from /Users/steve/.rvm/rubies/ruby-2.0.0-p353/lib/ruby/gems/2.0.0/specifications/fssm-0.2.10.gemspec
I, [2014-02-04T15:13:33.823138 #13049]  INFO -- : 0:  sass (3.2.14) from /Users/steve/.rvm/rubies/ruby-2.0.0-p353/lib/ruby/gems/2.0.0/specifications/sass-3.2.14.gemspec
I, [2014-02-04T15:13:33.823407 #13049]  INFO -- : 0:  compass (0.12.2) from /Users/steve/.rvm/rubies/ruby-2.0.0-p353/lib/ruby/gems/2.0.0/specifications/compass-0.12.2.gemspec
I, [2014-02-04T15:13:33.823654 #13049]  INFO -- : 0:  breakpoint (2.0.7) from /Users/steve/.rvm/rubies/ruby-2.0.0-p353/lib/ruby/gems/2.0.0/specifications/breakpoint-2.0.7.gemspec
I, [2014-02-04T15:13:33.823904 #13049]  INFO -- : 0:  timers (1.1.0) from /Users/steve/.rvm/rubies/ruby-2.0.0-p353/lib/ruby/gems/2.0.0/specifications/timers-1.1.0.gemspec
I, [2014-02-04T15:13:33.824154 #13049]  INFO -- : 0:  celluloid (0.15.2) from /Users/steve/.rvm/rubies/ruby-2.0.0-p353/lib/ruby/gems/2.0.0/specifications/celluloid-0.15.2.gemspec
I, [2014-02-04T15:13:33.824409 #13049]  INFO -- : 0:  coderay (1.1.0) from /Users/steve/.rvm/rubies/ruby-2.0.0-p353/lib/ruby/gems/2.0.0/specifications/coderay-1.1.0.gemspec
I, [2014-02-04T15:13:33.824657 #13049]  INFO -- : 0:  compass-blend-modes (0.0.2) from /Users/steve/.rvm/rubies/ruby-2.0.0-p353/lib/ruby/gems/2.0.0/specifications/compass-blend-modes-0.0.2.gemspec
I, [2014-02-04T15:13:33.824901 #13049]  INFO -- : 0:  color-schemer (0.2.8) from /Users/steve/.rvm/rubies/ruby-2.0.0-p353/lib/ruby/gems/2.0.0/specifications/color-schemer-0.2.8.gemspec
I, [2014-02-04T15:13:33.825144 #13049]  INFO -- : 0:  compass-normalize (1.4.3) from /Users/steve/.rvm/rubies/ruby-2.0.0-p353/lib/ruby/gems/2.0.0/specifications/compass-normalize-1.4.3.gemspec
I, [2014-02-04T15:13:33.825384 #13049]  INFO -- : 0:  compass-rgbapng (0.2.1) from /Users/steve/.rvm/rubies/ruby-2.0.0-p353/lib/ruby/gems/2.0.0/specifications/compass-rgbapng-0.2.1.gemspec
I, [2014-02-04T15:13:33.825623 #13049]  INFO -- : 0:  compass-validator (3.0.1) from /Users/steve/.rvm/rubies/ruby-2.0.0-p353/lib/ruby/gems/2.0.0/specifications/compass-validator-3.0.1.gemspec
I, [2014-02-04T15:13:33.825866 #13049]  INFO -- : 0:  css_parser (1.3.5) from /Users/steve/.rvm/rubies/ruby-2.0.0-p353/lib/ruby/gems/2.0.0/specifications/css_parser-1.3.5.gemspec
I, [2014-02-04T15:13:33.826109 #13049]  INFO -- : 0:  eventmachine (1.0.3) from /Users/steve/.rvm/rubies/ruby-2.0.0-p353/lib/ruby/gems/2.0.0/specifications/eventmachine-1.0.3.gemspec
I, [2014-02-04T15:13:33.826349 #13049]  INFO -- : 0:  http_parser.rb (0.5.3) from /Users/steve/.rvm/rubies/ruby-2.0.0-p353/lib/ruby/gems/2.0.0/specifications/http_parser.rb-0.5.3.gemspec
I, [2014-02-04T15:13:33.827058 #13049]  INFO -- : 0:  em-websocket (0.5.0) from /Users/steve/.rvm/rubies/ruby-2.0.0-p353/lib/ruby/gems/2.0.0/specifications/em-websocket-0.5.0.gemspec
I, [2014-02-04T15:13:33.827468 #13049]  INFO -- : 0:  ffi (1.9.3) from /Users/steve/.rvm/rubies/ruby-2.0.0-p353/lib/ruby/gems/2.0.0/specifications/ffi-1.9.3.gemspec
I, [2014-02-04T15:13:33.827774 #13049]  INFO -- : 0:  formatador (0.2.4) from /Users/steve/.rvm/rubies/ruby-2.0.0-p353/lib/ruby/gems/2.0.0/specifications/formatador-0.2.4.gemspec
I, [2014-02-04T15:13:33.828059 #13049]  INFO -- : 0:  rb-fsevent (0.9.4) from /Users/steve/.rvm/rubies/ruby-2.0.0-p353/lib/ruby/gems/2.0.0/specifications/rb-fsevent-0.9.4.gemspec
I, [2014-02-04T15:13:33.828311 #13049]  INFO -- : 0:  rb-inotify (0.9.3) from /Users/steve/.rvm/rubies/ruby-2.0.0-p353/lib/ruby/gems/2.0.0/specifications/rb-inotify-0.9.3.gemspec
I, [2014-02-04T15:13:33.828722 #13049]  INFO -- : 0:  listen (2.4.0) from /Users/steve/.rvm/rubies/ruby-2.0.0-p353/lib/ruby/gems/2.0.0/specifications/listen-2.4.0.gemspec
I, [2014-02-04T15:13:33.829131 #13049]  INFO -- : 0:  lumberjack (1.0.4) from /Users/steve/.rvm/rubies/ruby-2.0.0-p353/lib/ruby/gems/2.0.0/specifications/lumberjack-1.0.4.gemspec
I, [2014-02-04T15:13:33.829408 #13049]  INFO -- : 0:  method_source (0.8.2) from /Users/steve/.rvm/rubies/ruby-2.0.0-p353/lib/ruby/gems/2.0.0/specifications/method_source-0.8.2.gemspec
I, [2014-02-04T15:13:33.829791 #13049]  INFO -- : 0:  slop (3.4.7) from /Users/steve/.rvm/rubies/ruby-2.0.0-p353/lib/ruby/gems/2.0.0/specifications/slop-3.4.7.gemspec
I, [2014-02-04T15:13:33.830084 #13049]  INFO -- : 0:  pry (0.9.12.6) from /Users/steve/.rvm/rubies/ruby-2.0.0-p353/lib/ruby/gems/2.0.0/specifications/pry-0.9.12.6.gemspec
I, [2014-02-04T15:13:33.830428 #13049]  INFO -- : 0:  thor (0.18.1) from /Users/steve/.rvm/rubies/ruby-2.0.0-p353/lib/ruby/gems/2.0.0/specifications/thor-0.18.1.gemspec
I, [2014-02-04T15:13:33.830740 #13049]  INFO -- : 0:  guard (2.3.0) from /Users/steve/.rvm/rubies/ruby-2.0.0-p353/lib/ruby/gems/2.0.0/specifications/guard-2.3.0.gemspec
I, [2014-02-04T15:13:33.831022 #13049]  INFO -- : 0:  guard-compass (1.0.0) from /Users/steve/.rvm/rubies/ruby-2.0.0-p353/lib/ruby/gems/2.0.0/specifications/guard-compass-1.0.0.gemspec
I, [2014-02-04T15:13:33.831279 #13049]  INFO -- : 0:  multi_json (1.8.4) from /Users/steve/.rvm/rubies/ruby-2.0.0-p353/lib/ruby/gems/2.0.0/specifications/multi_json-1.8.4.gemspec
I, [2014-02-04T15:13:33.831524 #13049]  INFO -- : 0:  guard-livereload (2.1.1) from /Users/steve/.rvm/rubies/ruby-2.0.0-p353/lib/ruby/gems/2.0.0/specifications/guard-livereload-2.1.1.gemspec
I, [2014-02-04T15:13:33.831767 #13049]  INFO -- : 0:  guard-shell (0.6.1) from /Users/steve/.rvm/rubies/ruby-2.0.0-p353/lib/ruby/gems/2.0.0/specifications/guard-shell-0.6.1.gemspec
I, [2014-02-04T15:13:33.832010 #13049]  INFO -- : 0:  oily_png (1.1.0) from /Users/steve/.rvm/rubies/ruby-2.0.0-p353/lib/ruby/gems/2.0.0/specifications/oily_png-1.1.0.gemspec
I, [2014-02-04T15:13:33.832254 #13049]  INFO -- : 0:  rb-fchange (0.0.6) from /Users/steve/.rvm/rubies/ruby-2.0.0-p353/lib/ruby/gems/2.0.0/specifications/rb-fchange-0.0.6.gemspec
I, [2014-02-04T15:13:33.832500 #13049]  INFO -- : 0:  sass-globbing (1.1.0) from /Users/steve/.rvm/rubies/ruby-2.0.0-p353/lib/ruby/gems/2.0.0/specifications/sass-globbing-1.1.0.gemspec
I, [2014-02-04T15:13:33.832768 #13049]  INFO -- : 0:  sassy-strings (1.0.0) from /Users/steve/.rvm/rubies/ruby-2.0.0-p353/lib/ruby/gems/2.0.0/specifications/sassy-strings-1.0.0.gemspec
I, [2014-02-04T15:13:33.833040 #13049]  INFO -- : 0:  singularitygs (1.1.2) from /Users/steve/.rvm/rubies/ruby-2.0.0-p353/lib/ruby/gems/2.0.0/specifications/singularitygs-1.1.2.gemspec
I, [2014-02-04T15:13:33.833275 #13049]  INFO -- : 0:  susy (1.0.9) from /Users/steve/.rvm/rubies/ruby-2.0.0-p353/lib/ruby/gems/2.0.0/specifications/susy-1.0.9.gemspec
I, [2014-02-04T15:13:33.833510 #13049]  INFO -- : 0:  toolkit (1.3.8) from /Users/steve/.rvm/rubies/ruby-2.0.0-p353/lib/ruby/gems/2.0.0/specifications/toolkit-1.3.8.gemspec
I, [2014-02-04T15:13:33.833747 #13049]  INFO -- : 0:  yajl-ruby (1.2.0) from /Users/steve/.rvm/rubies/ruby-2.0.0-p353/lib/ruby/gems/2.0.0/specifications/yajl-ruby-1.2.0.gemspec
I, [2014-02-04T15:13:33.833956 #13049]  INFO -- : 0:  bundler (1.5.1) from /Users/steve/.rvm/rubies/ruby-2.0.0-p353/lib/ruby/gems/2.0.0/specifications/bundler-1.5.1.gemspec
I, [2014-02-04T15:17:47.426441 #13141]  INFO -- : 0:  addressable (2.3.5) from /Users/steve/.rvm/rubies/ruby-2.0.0-p353/lib/ruby/gems/2.0.0/specifications/addressable-2.3.5.gemspec
I, [2014-02-04T15:17:47.427036 #13141]  INFO -- : 0:  chunky_png (1.2.9) from /Users/steve/.rvm/rubies/ruby-2.0.0-p353/lib/ruby/gems/2.0.0/specifications/chunky_png-1.2.9.gemspec
I, [2014-02-04T15:17:47.427327 #13141]  INFO -- : 0:  fssm (0.2.10) from /Users/steve/.rvm/rubies/ruby-2.0.0-p353/lib/ruby/gems/2.0.0/specifications/fssm-0.2.10.gemspec
I, [2014-02-04T15:17:47.427586 #13141]  INFO -- : 0:  sass (3.2.14) from /Users/steve/.rvm/rubies/ruby-2.0.0-p353/lib/ruby/gems/2.0.0/specifications/sass-3.2.14.gemspec
I, [2014-02-04T15:17:47.427829 #13141]  INFO -- : 0:  compass (0.12.2) from /Users/steve/.rvm/rubies/ruby-2.0.0-p353/lib/ruby/gems/2.0.0/specifications/compass-0.12.2.gemspec
I, [2014-02-04T15:17:47.428072 #13141]  INFO -- : 0:  breakpoint (2.0.7) from /Users/steve/.rvm/rubies/ruby-2.0.0-p353/lib/ruby/gems/2.0.0/specifications/breakpoint-2.0.7.gemspec
I, [2014-02-04T15:17:47.428316 #13141]  INFO -- : 0:  timers (1.1.0) from /Users/steve/.rvm/rubies/ruby-2.0.0-p353/lib/ruby/gems/2.0.0/specifications/timers-1.1.0.gemspec
I, [2014-02-04T15:17:47.428657 #13141]  INFO -- : 0:  celluloid (0.15.2) from /Users/steve/.rvm/rubies/ruby-2.0.0-p353/lib/ruby/gems/2.0.0/specifications/celluloid-0.15.2.gemspec
I, [2014-02-04T15:17:47.429018 #13141]  INFO -- : 0:  coderay (1.1.0) from /Users/steve/.rvm/rubies/ruby-2.0.0-p353/lib/ruby/gems/2.0.0/specifications/coderay-1.1.0.gemspec
I, [2014-02-04T15:17:47.429277 #13141]  INFO -- : 0:  compass-blend-modes (0.0.2) from /Users/steve/.rvm/rubies/ruby-2.0.0-p353/lib/ruby/gems/2.0.0/specifications/compass-blend-modes-0.0.2.gemspec
I, [2014-02-04T15:17:47.429526 #13141]  INFO -- : 0:  color-schemer (0.2.8) from /Users/steve/.rvm/rubies/ruby-2.0.0-p353/lib/ruby/gems/2.0.0/specifications/color-schemer-0.2.8.gemspec
I, [2014-02-04T15:17:47.429813 #13141]  INFO -- : 0:  compass-normalize (1.4.3) from /Users/steve/.rvm/rubies/ruby-2.0.0-p353/lib/ruby/gems/2.0.0/specifications/compass-normalize-1.4.3.gemspec
I, [2014-02-04T15:17:47.430096 #13141]  INFO -- : 0:  compass-rgbapng (0.2.1) from /Users/steve/.rvm/rubies/ruby-2.0.0-p353/lib/ruby/gems/2.0.0/specifications/compass-rgbapng-0.2.1.gemspec
I, [2014-02-04T15:17:47.430379 #13141]  INFO -- : 0:  compass-validator (3.0.1) from /Users/steve/.rvm/rubies/ruby-2.0.0-p353/lib/ruby/gems/2.0.0/specifications/compass-validator-3.0.1.gemspec
I, [2014-02-04T15:17:47.430637 #13141]  INFO -- : 0:  css_parser (1.3.5) from /Users/steve/.rvm/rubies/ruby-2.0.0-p353/lib/ruby/gems/2.0.0/specifications/css_parser-1.3.5.gemspec
I, [2014-02-04T15:17:47.430896 #13141]  INFO -- : 0:  eventmachine (1.0.3) from /Users/steve/.rvm/rubies/ruby-2.0.0-p353/lib/ruby/gems/2.0.0/specifications/eventmachine-1.0.3.gemspec
I, [2014-02-04T15:17:47.431146 #13141]  INFO -- : 0:  http_parser.rb (0.5.3) from /Users/steve/.rvm/rubies/ruby-2.0.0-p353/lib/ruby/gems/2.0.0/specifications/http_parser.rb-0.5.3.gemspec
I, [2014-02-04T15:17:47.431394 #13141]  INFO -- : 0:  em-websocket (0.5.0) from /Users/steve/.rvm/rubies/ruby-2.0.0-p353/lib/ruby/gems/2.0.0/specifications/em-websocket-0.5.0.gemspec
I, [2014-02-04T15:17:47.431638 #13141]  INFO -- : 0:  ffi (1.9.3) from /Users/steve/.rvm/rubies/ruby-2.0.0-p353/lib/ruby/gems/2.0.0/specifications/ffi-1.9.3.gemspec
I, [2014-02-04T15:17:47.431882 #13141]  INFO -- : 0:  formatador (0.2.4) from /Users/steve/.rvm/rubies/ruby-2.0.0-p353/lib/ruby/gems/2.0.0/specifications/formatador-0.2.4.gemspec
I, [2014-02-04T15:17:47.432127 #13141]  INFO -- : 0:  rb-fsevent (0.9.4) from /Users/steve/.rvm/rubies/ruby-2.0.0-p353/lib/ruby/gems/2.0.0/specifications/rb-fsevent-0.9.4.gemspec
I, [2014-02-04T15:17:47.432368 #13141]  INFO -- : 0:  rb-inotify (0.9.3) from /Users/steve/.rvm/rubies/ruby-2.0.0-p353/lib/ruby/gems/2.0.0/specifications/rb-inotify-0.9.3.gemspec
I, [2014-02-04T15:17:47.432607 #13141]  INFO -- : 0:  listen (2.4.0) from /Users/steve/.rvm/rubies/ruby-2.0.0-p353/lib/ruby/gems/2.0.0/specifications/listen-2.4.0.gemspec
I, [2014-02-04T15:17:47.432850 #13141]  INFO -- : 0:  lumberjack (1.0.4) from /Users/steve/.rvm/rubies/ruby-2.0.0-p353/lib/ruby/gems/2.0.0/specifications/lumberjack-1.0.4.gemspec
I, [2014-02-04T15:17:47.433094 #13141]  INFO -- : 0:  method_source (0.8.2) from /Users/steve/.rvm/rubies/ruby-2.0.0-p353/lib/ruby/gems/2.0.0/specifications/method_source-0.8.2.gemspec
I, [2014-02-04T15:17:47.433336 #13141]  INFO -- : 0:  slop (3.4.7) from /Users/steve/.rvm/rubies/ruby-2.0.0-p353/lib/ruby/gems/2.0.0/specifications/slop-3.4.7.gemspec
I, [2014-02-04T15:17:47.433578 #13141]  INFO -- : 0:  pry (0.9.12.6) from /Users/steve/.rvm/rubies/ruby-2.0.0-p353/lib/ruby/gems/2.0.0/specifications/pry-0.9.12.6.gemspec
I, [2014-02-04T15:17:47.433820 #13141]  INFO -- : 0:  thor (0.18.1) from /Users/steve/.rvm/rubies/ruby-2.0.0-p353/lib/ruby/gems/2.0.0/specifications/thor-0.18.1.gemspec
I, [2014-02-04T15:17:47.434072 #13141]  INFO -- : 0:  guard (2.3.0) from /Users/steve/.rvm/rubies/ruby-2.0.0-p353/lib/ruby/gems/2.0.0/specifications/guard-2.3.0.gemspec
I, [2014-02-04T15:17:47.434308 #13141]  INFO -- : 0:  guard-compass (1.0.0) from /Users/steve/.rvm/rubies/ruby-2.0.0-p353/lib/ruby/gems/2.0.0/specifications/guard-compass-1.0.0.gemspec
I, [2014-02-04T15:17:47.434545 #13141]  INFO -- : 0:  multi_json (1.8.4) from /Users/steve/.rvm/rubies/ruby-2.0.0-p353/lib/ruby/gems/2.0.0/specifications/multi_json-1.8.4.gemspec
I, [2014-02-04T15:17:47.434808 #13141]  INFO -- : 0:  guard-livereload (2.1.1) from /Users/steve/.rvm/rubies/ruby-2.0.0-p353/lib/ruby/gems/2.0.0/specifications/guard-livereload-2.1.1.gemspec
I, [2014-02-04T15:17:47.435044 #13141]  INFO -- : 0:  guard-shell (0.6.1) from /Users/steve/.rvm/rubies/ruby-2.0.0-p353/lib/ruby/gems/2.0.0/specifications/guard-shell-0.6.1.gemspec
I, [2014-02-04T15:17:47.435288 #13141]  INFO -- : 0:  oily_png (1.1.0) from /Users/steve/.rvm/rubies/ruby-2.0.0-p353/lib/ruby/gems/2.0.0/specifications/oily_png-1.1.0.gemspec
I, [2014-02-04T15:17:47.435532 #13141]  INFO -- : 0:  rb-fchange (0.0.6) from /Users/steve/.rvm/rubies/ruby-2.0.0-p353/lib/ruby/gems/2.0.0/specifications/rb-fchange-0.0.6.gemspec
I, [2014-02-04T15:17:47.435769 #13141]  INFO -- : 0:  sass-globbing (1.1.0) from /Users/steve/.rvm/rubies/ruby-2.0.0-p353/lib/ruby/gems/2.0.0/specifications/sass-globbing-1.1.0.gemspec
I, [2014-02-04T15:17:47.436069 #13141]  INFO -- : 0:  sassy-strings (1.0.0) from /Users/steve/.rvm/rubies/ruby-2.0.0-p353/lib/ruby/gems/2.0.0/specifications/sassy-strings-1.0.0.gemspec
I, [2014-02-04T15:17:47.436309 #13141]  INFO -- : 0:  singularitygs (1.1.2) from /Users/steve/.rvm/rubies/ruby-2.0.0-p353/lib/ruby/gems/2.0.0/specifications/singularitygs-1.1.2.gemspec
I, [2014-02-04T15:17:47.436543 #13141]  INFO -- : 0:  susy (1.0.9) from /Users/steve/.rvm/rubies/ruby-2.0.0-p353/lib/ruby/gems/2.0.0/specifications/susy-1.0.9.gemspec
I, [2014-02-04T15:17:47.436779 #13141]  INFO -- : 0:  toolkit (1.3.8) from /Users/steve/.rvm/rubies/ruby-2.0.0-p353/lib/ruby/gems/2.0.0/specifications/toolkit-1.3.8.gemspec
I, [2014-02-04T15:17:47.437016 #13141]  INFO -- : 0:  yajl-ruby (1.2.0) from /Users/steve/.rvm/rubies/ruby-2.0.0-p353/lib/ruby/gems/2.0.0/specifications/yajl-ruby-1.2.0.gemspec
I, [2014-02-04T15:17:47.437227 #13141]  INFO -- : 0:  bundler (1.5.1) from /Users/steve/.rvm/rubies/ruby-2.0.0-p353/lib/ruby/gems/2.0.0/specifications/bundler-1.5.1.gemspec
